<component name="libraryTable">
  <library name="junit">
    <CLASSES>
      <root url="jar://$PROJECT_DIR$/fxgraphics2d-1.3/lib/jfreesvg-3.0.jar!/" />
      <root url="jar://$PROJECT_DIR$/fxgraphics2d-1.3/lib/orsoncharts-1.5.jar!/" />
      <root url="jar://$PROJECT_DIR$/fxgraphics2d-1.3/lib/orsonpdf-1.7.jar!/" />
      <root url="jar://$PROJECT_DIR$/fxgraphics2d-1.3/lib/jfreechart-nofx-2.0-pre1.jar!/" />
    </CLASSES>
    <JAVADOC />
    <SOURCES />
  </library>
</component>